"is_built_lib_utils" "true"
"built_lib_utils" "/Users/etosch/dev/PlanOutRepos/PlanAlyzer/ocaml/_build/planalyzer/utils/utils.cma"
"built_lib_utils" "/Users/etosch/dev/PlanOutRepos/PlanAlyzer/ocaml/_build/planalyzer/utils/utils.cmxa"
"built_lib_utils" "/Users/etosch/dev/PlanOutRepos/PlanAlyzer/ocaml/_build/planalyzer/utils/utils.a"
"built_lib_utils" "/Users/etosch/dev/PlanOutRepos/PlanAlyzer/ocaml/_build/planalyzer/utils/utils.cmxs"
"built_lib_utils" "/Users/etosch/dev/PlanOutRepos/PlanAlyzer/ocaml/_build/planalyzer/utils/performance.cmi"
"built_lib_utils" "/Users/etosch/dev/PlanOutRepos/PlanAlyzer/ocaml/_build/planalyzer/utils/performance.cmt"
"built_lib_utils" "/Users/etosch/dev/PlanOutRepos/PlanAlyzer/ocaml/_build/planalyzer/utils/performance.annot"
"built_lib_utils" "/Users/etosch/dev/PlanOutRepos/PlanAlyzer/ocaml/_build/planalyzer/utils/logging.cmi"
"built_lib_utils" "/Users/etosch/dev/PlanOutRepos/PlanAlyzer/ocaml/_build/planalyzer/utils/logging.cmt"
"built_lib_utils" "/Users/etosch/dev/PlanOutRepos/PlanAlyzer/ocaml/_build/planalyzer/utils/logging.annot"
"built_lib_utils" "/Users/etosch/dev/PlanOutRepos/PlanAlyzer/ocaml/_build/planalyzer/utils/utils.cmi"
"built_lib_utils" "/Users/etosch/dev/PlanOutRepos/PlanAlyzer/ocaml/_build/planalyzer/utils/utils.cmt"
"built_lib_utils" "/Users/etosch/dev/PlanOutRepos/PlanAlyzer/ocaml/_build/planalyzer/utils/utils.annot"
"built_lib_utils" "/Users/etosch/dev/PlanOutRepos/PlanAlyzer/ocaml/_build/planalyzer/utils/performance.cmx"
"built_lib_utils" "/Users/etosch/dev/PlanOutRepos/PlanAlyzer/ocaml/_build/planalyzer/utils/logging.cmx"
"built_lib_utils" "/Users/etosch/dev/PlanOutRepos/PlanAlyzer/ocaml/_build/planalyzer/utils/utils.cmx"
"is_built_exec_planalyzer" "true"
"built_exec_planalyzer" "/Users/etosch/dev/PlanOutRepos/PlanAlyzer/ocaml/_build/planalyzer/planalyzer.byte"
"is_built_lib_oratio" "true"
"built_lib_oratio" "/Users/etosch/dev/PlanOutRepos/PlanAlyzer/ocaml/_build/planalyzer/oratio/oratio.cma"
"built_lib_oratio" "/Users/etosch/dev/PlanOutRepos/PlanAlyzer/ocaml/_build/planalyzer/oratio/oratio.cmxa"
"built_lib_oratio" "/Users/etosch/dev/PlanOutRepos/PlanAlyzer/ocaml/_build/planalyzer/oratio/oratio.a"
"built_lib_oratio" "/Users/etosch/dev/PlanOutRepos/PlanAlyzer/ocaml/_build/planalyzer/oratio/oratio.cmxs"
"built_lib_oratio" "/Users/etosch/dev/PlanOutRepos/PlanAlyzer/ocaml/_build/planalyzer/oratio/Oratio.cmi"
"built_lib_oratio" "/Users/etosch/dev/PlanOutRepos/PlanAlyzer/ocaml/_build/planalyzer/oratio/Oratio.cmt"
"built_lib_oratio" "/Users/etosch/dev/PlanOutRepos/PlanAlyzer/ocaml/_build/planalyzer/oratio/Oratio.annot"
"built_lib_oratio" "/Users/etosch/dev/PlanOutRepos/PlanAlyzer/ocaml/_build/planalyzer/oratio/Oratio.cmx"
"is_built_lib_annotations" "true"
"built_lib_annotations" "/Users/etosch/dev/PlanOutRepos/PlanAlyzer/ocaml/_build/planalyzer/annotations/annotations.cma"
"built_lib_annotations" "/Users/etosch/dev/PlanOutRepos/PlanAlyzer/ocaml/_build/planalyzer/annotations/annotations.cmxa"
"built_lib_annotations" "/Users/etosch/dev/PlanOutRepos/PlanAlyzer/ocaml/_build/planalyzer/annotations/annotations.a"
"built_lib_annotations" "/Users/etosch/dev/PlanOutRepos/PlanAlyzer/ocaml/_build/planalyzer/annotations/annotations.cmxs"
"built_lib_annotations" "/Users/etosch/dev/PlanOutRepos/PlanAlyzer/ocaml/_build/planalyzer/annotations/Config.cmi"
"built_lib_annotations" "/Users/etosch/dev/PlanOutRepos/PlanAlyzer/ocaml/_build/planalyzer/annotations/Config.cmti"
"built_lib_annotations" "/Users/etosch/dev/PlanOutRepos/PlanAlyzer/ocaml/_build/planalyzer/annotations/Config.cmt"
"built_lib_annotations" "/Users/etosch/dev/PlanOutRepos/PlanAlyzer/ocaml/_build/planalyzer/annotations/Config.annot"
"built_lib_annotations" "/Users/etosch/dev/PlanOutRepos/PlanAlyzer/ocaml/_build/planalyzer/annotations/Config.cmx"
"is_built_lib_graphs" "true"
"built_lib_graphs" "/Users/etosch/dev/PlanOutRepos/PlanAlyzer/ocaml/_build/planalyzer/graphs/graphs.cma"
"built_lib_graphs" "/Users/etosch/dev/PlanOutRepos/PlanAlyzer/ocaml/_build/planalyzer/graphs/graphs.cmxa"
"built_lib_graphs" "/Users/etosch/dev/PlanOutRepos/PlanAlyzer/ocaml/_build/planalyzer/graphs/graphs.a"
"built_lib_graphs" "/Users/etosch/dev/PlanOutRepos/PlanAlyzer/ocaml/_build/planalyzer/graphs/graphs.cmxs"
"built_lib_graphs" "/Users/etosch/dev/PlanOutRepos/PlanAlyzer/ocaml/_build/planalyzer/graphs/ddg.cmi"
"built_lib_graphs" "/Users/etosch/dev/PlanOutRepos/PlanAlyzer/ocaml/_build/planalyzer/graphs/ddg.cmti"
"built_lib_graphs" "/Users/etosch/dev/PlanOutRepos/PlanAlyzer/ocaml/_build/planalyzer/graphs/ddg.cmt"
"built_lib_graphs" "/Users/etosch/dev/PlanOutRepos/PlanAlyzer/ocaml/_build/planalyzer/graphs/ddg.annot"
"built_lib_graphs" "/Users/etosch/dev/PlanOutRepos/PlanAlyzer/ocaml/_build/planalyzer/graphs/cgm.cmi"
"built_lib_graphs" "/Users/etosch/dev/PlanOutRepos/PlanAlyzer/ocaml/_build/planalyzer/graphs/cgm.cmti"
"built_lib_graphs" "/Users/etosch/dev/PlanOutRepos/PlanAlyzer/ocaml/_build/planalyzer/graphs/cgm.cmt"
"built_lib_graphs" "/Users/etosch/dev/PlanOutRepos/PlanAlyzer/ocaml/_build/planalyzer/graphs/cgm.annot"
"built_lib_graphs" "/Users/etosch/dev/PlanOutRepos/PlanAlyzer/ocaml/_build/planalyzer/graphs/ddg.cmx"
"built_lib_graphs" "/Users/etosch/dev/PlanOutRepos/PlanAlyzer/ocaml/_build/planalyzer/graphs/cgm.cmx"
"is_built_lib_corepo" "true"
"built_lib_corepo" "/Users/etosch/dev/PlanOutRepos/PlanAlyzer/ocaml/_build/planalyzer/corepo/corepo.cma"
"built_lib_corepo" "/Users/etosch/dev/PlanOutRepos/PlanAlyzer/ocaml/_build/planalyzer/corepo/corepo.cmxa"
"built_lib_corepo" "/Users/etosch/dev/PlanOutRepos/PlanAlyzer/ocaml/_build/planalyzer/corepo/corepo.a"
"built_lib_corepo" "/Users/etosch/dev/PlanOutRepos/PlanAlyzer/ocaml/_build/planalyzer/corepo/corepo.cmxs"
"built_lib_corepo" "/Users/etosch/dev/PlanOutRepos/PlanAlyzer/ocaml/_build/planalyzer/corepo/Smtlib.cmi"
"built_lib_corepo" "/Users/etosch/dev/PlanOutRepos/PlanAlyzer/ocaml/_build/planalyzer/corepo/Smtlib.cmt"
"built_lib_corepo" "/Users/etosch/dev/PlanOutRepos/PlanAlyzer/ocaml/_build/planalyzer/corepo/Smtlib.annot"
"built_lib_corepo" "/Users/etosch/dev/PlanOutRepos/PlanAlyzer/ocaml/_build/planalyzer/corepo/exceptions.cmi"
"built_lib_corepo" "/Users/etosch/dev/PlanOutRepos/PlanAlyzer/ocaml/_build/planalyzer/corepo/exceptions.cmti"
"built_lib_corepo" "/Users/etosch/dev/PlanOutRepos/PlanAlyzer/ocaml/_build/planalyzer/corepo/exceptions.cmt"
"built_lib_corepo" "/Users/etosch/dev/PlanOutRepos/PlanAlyzer/ocaml/_build/planalyzer/corepo/exceptions.annot"
"built_lib_corepo" "/Users/etosch/dev/PlanOutRepos/PlanAlyzer/ocaml/_build/planalyzer/corepo/corepo.cmi"
"built_lib_corepo" "/Users/etosch/dev/PlanOutRepos/PlanAlyzer/ocaml/_build/planalyzer/corepo/corepo.cmti"
"built_lib_corepo" "/Users/etosch/dev/PlanOutRepos/PlanAlyzer/ocaml/_build/planalyzer/corepo/corepo.cmt"
"built_lib_corepo" "/Users/etosch/dev/PlanOutRepos/PlanAlyzer/ocaml/_build/planalyzer/corepo/corepo.annot"
"built_lib_corepo" "/Users/etosch/dev/PlanOutRepos/PlanAlyzer/ocaml/_build/planalyzer/corepo/Smtlib.cmx"
"built_lib_corepo" "/Users/etosch/dev/PlanOutRepos/PlanAlyzer/ocaml/_build/planalyzer/corepo/exceptions.cmx"
"built_lib_corepo" "/Users/etosch/dev/PlanOutRepos/PlanAlyzer/ocaml/_build/planalyzer/corepo/corepo.cmx"
"is_built_lib_estimators" "true"
"built_lib_estimators" "/Users/etosch/dev/PlanOutRepos/PlanAlyzer/ocaml/_build/planalyzer/estimators/estimators.cma"
"built_lib_estimators" "/Users/etosch/dev/PlanOutRepos/PlanAlyzer/ocaml/_build/planalyzer/estimators/estimators.cmxa"
"built_lib_estimators" "/Users/etosch/dev/PlanOutRepos/PlanAlyzer/ocaml/_build/planalyzer/estimators/estimators.a"
"built_lib_estimators" "/Users/etosch/dev/PlanOutRepos/PlanAlyzer/ocaml/_build/planalyzer/estimators/estimators.cmxs"
"built_lib_estimators" "/Users/etosch/dev/PlanOutRepos/PlanAlyzer/ocaml/_build/planalyzer/estimators/ate.cmi"
"built_lib_estimators" "/Users/etosch/dev/PlanOutRepos/PlanAlyzer/ocaml/_build/planalyzer/estimators/ate.cmt"
"built_lib_estimators" "/Users/etosch/dev/PlanOutRepos/PlanAlyzer/ocaml/_build/planalyzer/estimators/ate.annot"
"built_lib_estimators" "/Users/etosch/dev/PlanOutRepos/PlanAlyzer/ocaml/_build/planalyzer/estimators/assumptions.cmi"
"built_lib_estimators" "/Users/etosch/dev/PlanOutRepos/PlanAlyzer/ocaml/_build/planalyzer/estimators/assumptions.cmt"
"built_lib_estimators" "/Users/etosch/dev/PlanOutRepos/PlanAlyzer/ocaml/_build/planalyzer/estimators/assumptions.annot"
"built_lib_estimators" "/Users/etosch/dev/PlanOutRepos/PlanAlyzer/ocaml/_build/planalyzer/estimators/ate.cmx"
"built_lib_estimators" "/Users/etosch/dev/PlanOutRepos/PlanAlyzer/ocaml/_build/planalyzer/estimators/assumptions.cmx"
"is_built_lib_planout" "true"
"built_lib_planout" "/Users/etosch/dev/PlanOutRepos/PlanAlyzer/ocaml/_build/planalyzer/planout/planout.cma"
"built_lib_planout" "/Users/etosch/dev/PlanOutRepos/PlanAlyzer/ocaml/_build/planalyzer/planout/planout.cmxa"
"built_lib_planout" "/Users/etosch/dev/PlanOutRepos/PlanAlyzer/ocaml/_build/planalyzer/planout/planout.a"
"built_lib_planout" "/Users/etosch/dev/PlanOutRepos/PlanAlyzer/ocaml/_build/planalyzer/planout/planout.cmxs"
"built_lib_planout" "/Users/etosch/dev/PlanOutRepos/PlanAlyzer/ocaml/_build/planalyzer/planout/po_transform.cmi"
"built_lib_planout" "/Users/etosch/dev/PlanOutRepos/PlanAlyzer/ocaml/_build/planalyzer/planout/po_transform.cmt"
"built_lib_planout" "/Users/etosch/dev/PlanOutRepos/PlanAlyzer/ocaml/_build/planalyzer/planout/po_transform.annot"
"built_lib_planout" "/Users/etosch/dev/PlanOutRepos/PlanAlyzer/ocaml/_build/planalyzer/planout/po_env.cmi"
"built_lib_planout" "/Users/etosch/dev/PlanOutRepos/PlanAlyzer/ocaml/_build/planalyzer/planout/po_env.cmt"
"built_lib_planout" "/Users/etosch/dev/PlanOutRepos/PlanAlyzer/ocaml/_build/planalyzer/planout/po_env.annot"
"built_lib_planout" "/Users/etosch/dev/PlanOutRepos/PlanAlyzer/ocaml/_build/planalyzer/planout/po_basetypes.cmi"
"built_lib_planout" "/Users/etosch/dev/PlanOutRepos/PlanAlyzer/ocaml/_build/planalyzer/planout/po_basetypes.cmt"
"built_lib_planout" "/Users/etosch/dev/PlanOutRepos/PlanAlyzer/ocaml/_build/planalyzer/planout/po_basetypes.annot"
"built_lib_planout" "/Users/etosch/dev/PlanOutRepos/PlanAlyzer/ocaml/_build/planalyzer/planout/po_ast.cmi"
"built_lib_planout" "/Users/etosch/dev/PlanOutRepos/PlanAlyzer/ocaml/_build/planalyzer/planout/po_ast.cmt"
"built_lib_planout" "/Users/etosch/dev/PlanOutRepos/PlanAlyzer/ocaml/_build/planalyzer/planout/po_ast.annot"
"built_lib_planout" "/Users/etosch/dev/PlanOutRepos/PlanAlyzer/ocaml/_build/planalyzer/planout/po_aux.cmi"
"built_lib_planout" "/Users/etosch/dev/PlanOutRepos/PlanAlyzer/ocaml/_build/planalyzer/planout/po_aux.cmti"
"built_lib_planout" "/Users/etosch/dev/PlanOutRepos/PlanAlyzer/ocaml/_build/planalyzer/planout/po_aux.cmt"
"built_lib_planout" "/Users/etosch/dev/PlanOutRepos/PlanAlyzer/ocaml/_build/planalyzer/planout/po_aux.annot"
"built_lib_planout" "/Users/etosch/dev/PlanOutRepos/PlanAlyzer/ocaml/_build/planalyzer/planout/po_ddg.cmi"
"built_lib_planout" "/Users/etosch/dev/PlanOutRepos/PlanAlyzer/ocaml/_build/planalyzer/planout/po_ddg.cmt"
"built_lib_planout" "/Users/etosch/dev/PlanOutRepos/PlanAlyzer/ocaml/_build/planalyzer/planout/po_ddg.annot"
"built_lib_planout" "/Users/etosch/dev/PlanOutRepos/PlanAlyzer/ocaml/_build/planalyzer/planout/po_eval.cmi"
"built_lib_planout" "/Users/etosch/dev/PlanOutRepos/PlanAlyzer/ocaml/_build/planalyzer/planout/po_eval.cmti"
"built_lib_planout" "/Users/etosch/dev/PlanOutRepos/PlanAlyzer/ocaml/_build/planalyzer/planout/po_eval.cmt"
"built_lib_planout" "/Users/etosch/dev/PlanOutRepos/PlanAlyzer/ocaml/_build/planalyzer/planout/po_eval.annot"
"built_lib_planout" "/Users/etosch/dev/PlanOutRepos/PlanAlyzer/ocaml/_build/planalyzer/planout/po_format.cmi"
"built_lib_planout" "/Users/etosch/dev/PlanOutRepos/PlanAlyzer/ocaml/_build/planalyzer/planout/po_format.cmti"
"built_lib_planout" "/Users/etosch/dev/PlanOutRepos/PlanAlyzer/ocaml/_build/planalyzer/planout/po_format.cmt"
"built_lib_planout" "/Users/etosch/dev/PlanOutRepos/PlanAlyzer/ocaml/_build/planalyzer/planout/po_format.annot"
"built_lib_planout" "/Users/etosch/dev/PlanOutRepos/PlanAlyzer/ocaml/_build/planalyzer/planout/po_normalize.cmi"
"built_lib_planout" "/Users/etosch/dev/PlanOutRepos/PlanAlyzer/ocaml/_build/planalyzer/planout/po_normalize.cmti"
"built_lib_planout" "/Users/etosch/dev/PlanOutRepos/PlanAlyzer/ocaml/_build/planalyzer/planout/po_normalize.cmt"
"built_lib_planout" "/Users/etosch/dev/PlanOutRepos/PlanAlyzer/ocaml/_build/planalyzer/planout/po_normalize.annot"
"built_lib_planout" "/Users/etosch/dev/PlanOutRepos/PlanAlyzer/ocaml/_build/planalyzer/planout/po_parse.cmi"
"built_lib_planout" "/Users/etosch/dev/PlanOutRepos/PlanAlyzer/ocaml/_build/planalyzer/planout/po_parse.cmti"
"built_lib_planout" "/Users/etosch/dev/PlanOutRepos/PlanAlyzer/ocaml/_build/planalyzer/planout/po_parse.cmt"
"built_lib_planout" "/Users/etosch/dev/PlanOutRepos/PlanAlyzer/ocaml/_build/planalyzer/planout/po_parse.annot"
"built_lib_planout" "/Users/etosch/dev/PlanOutRepos/PlanAlyzer/ocaml/_build/planalyzer/planout/po_syntax.cmi"
"built_lib_planout" "/Users/etosch/dev/PlanOutRepos/PlanAlyzer/ocaml/_build/planalyzer/planout/po_syntax.cmt"
"built_lib_planout" "/Users/etosch/dev/PlanOutRepos/PlanAlyzer/ocaml/_build/planalyzer/planout/po_syntax.annot"
"built_lib_planout" "/Users/etosch/dev/PlanOutRepos/PlanAlyzer/ocaml/_build/planalyzer/planout/po_transform.cmx"
"built_lib_planout" "/Users/etosch/dev/PlanOutRepos/PlanAlyzer/ocaml/_build/planalyzer/planout/po_env.cmx"
"built_lib_planout" "/Users/etosch/dev/PlanOutRepos/PlanAlyzer/ocaml/_build/planalyzer/planout/po_basetypes.cmx"
"built_lib_planout" "/Users/etosch/dev/PlanOutRepos/PlanAlyzer/ocaml/_build/planalyzer/planout/po_ast.cmx"
"built_lib_planout" "/Users/etosch/dev/PlanOutRepos/PlanAlyzer/ocaml/_build/planalyzer/planout/po_aux.cmx"
"built_lib_planout" "/Users/etosch/dev/PlanOutRepos/PlanAlyzer/ocaml/_build/planalyzer/planout/po_ddg.cmx"
"built_lib_planout" "/Users/etosch/dev/PlanOutRepos/PlanAlyzer/ocaml/_build/planalyzer/planout/po_eval.cmx"
"built_lib_planout" "/Users/etosch/dev/PlanOutRepos/PlanAlyzer/ocaml/_build/planalyzer/planout/po_format.cmx"
"built_lib_planout" "/Users/etosch/dev/PlanOutRepos/PlanAlyzer/ocaml/_build/planalyzer/planout/po_normalize.cmx"
"built_lib_planout" "/Users/etosch/dev/PlanOutRepos/PlanAlyzer/ocaml/_build/planalyzer/planout/po_parse.cmx"
"built_lib_planout" "/Users/etosch/dev/PlanOutRepos/PlanAlyzer/ocaml/_build/planalyzer/planout/po_syntax.cmx"
"is_built_lib_targets" "true"
"built_lib_targets" "/Users/etosch/dev/PlanOutRepos/PlanAlyzer/ocaml/_build/planalyzer/targets.cma"
"built_lib_targets" "/Users/etosch/dev/PlanOutRepos/PlanAlyzer/ocaml/_build/planalyzer/targets.cmxa"
"built_lib_targets" "/Users/etosch/dev/PlanOutRepos/PlanAlyzer/ocaml/_build/planalyzer/targets.a"
"built_lib_targets" "/Users/etosch/dev/PlanOutRepos/PlanAlyzer/ocaml/_build/planalyzer/targets.cmxs"
"built_lib_targets" "/Users/etosch/dev/PlanOutRepos/PlanAlyzer/ocaml/_build/planalyzer/targets.cmi"
"built_lib_targets" "/Users/etosch/dev/PlanOutRepos/PlanAlyzer/ocaml/_build/planalyzer/targets.cmt"
"built_lib_targets" "/Users/etosch/dev/PlanOutRepos/PlanAlyzer/ocaml/_build/planalyzer/targets.annot"
"built_lib_targets" "/Users/etosch/dev/PlanOutRepos/PlanAlyzer/ocaml/_build/planalyzer/targets.cmx"
"is_built_lib_utils" "true"
"built_lib_utils" "/Users/etosch/dev/PlanOutRepos/PlanAlyzer/ocaml/_build/planalyzer/utils/utils.cma"
"built_lib_utils" "/Users/etosch/dev/PlanOutRepos/PlanAlyzer/ocaml/_build/planalyzer/utils/utils.cmxa"
"built_lib_utils" "/Users/etosch/dev/PlanOutRepos/PlanAlyzer/ocaml/_build/planalyzer/utils/utils.a"
"built_lib_utils" "/Users/etosch/dev/PlanOutRepos/PlanAlyzer/ocaml/_build/planalyzer/utils/utils.cmxs"
"built_lib_utils" "/Users/etosch/dev/PlanOutRepos/PlanAlyzer/ocaml/_build/planalyzer/utils/performance.cmi"
"built_lib_utils" "/Users/etosch/dev/PlanOutRepos/PlanAlyzer/ocaml/_build/planalyzer/utils/performance.cmt"
"built_lib_utils" "/Users/etosch/dev/PlanOutRepos/PlanAlyzer/ocaml/_build/planalyzer/utils/performance.annot"
"built_lib_utils" "/Users/etosch/dev/PlanOutRepos/PlanAlyzer/ocaml/_build/planalyzer/utils/logging.cmi"
"built_lib_utils" "/Users/etosch/dev/PlanOutRepos/PlanAlyzer/ocaml/_build/planalyzer/utils/logging.cmt"
"built_lib_utils" "/Users/etosch/dev/PlanOutRepos/PlanAlyzer/ocaml/_build/planalyzer/utils/logging.annot"
"built_lib_utils" "/Users/etosch/dev/PlanOutRepos/PlanAlyzer/ocaml/_build/planalyzer/utils/utils.cmi"
"built_lib_utils" "/Users/etosch/dev/PlanOutRepos/PlanAlyzer/ocaml/_build/planalyzer/utils/utils.cmt"
"built_lib_utils" "/Users/etosch/dev/PlanOutRepos/PlanAlyzer/ocaml/_build/planalyzer/utils/utils.annot"
"built_lib_utils" "/Users/etosch/dev/PlanOutRepos/PlanAlyzer/ocaml/_build/planalyzer/utils/performance.cmx"
"built_lib_utils" "/Users/etosch/dev/PlanOutRepos/PlanAlyzer/ocaml/_build/planalyzer/utils/logging.cmx"
"built_lib_utils" "/Users/etosch/dev/PlanOutRepos/PlanAlyzer/ocaml/_build/planalyzer/utils/utils.cmx"
"is_built_exec_planalyzer" "true"
"built_exec_planalyzer" "/Users/etosch/dev/PlanOutRepos/PlanAlyzer/ocaml/_build/planalyzer/planalyzer.byte"
"is_built_lib_oratio" "true"
"built_lib_oratio" "/Users/etosch/dev/PlanOutRepos/PlanAlyzer/ocaml/_build/planalyzer/oratio/oratio.cma"
"built_lib_oratio" "/Users/etosch/dev/PlanOutRepos/PlanAlyzer/ocaml/_build/planalyzer/oratio/oratio.cmxa"
"built_lib_oratio" "/Users/etosch/dev/PlanOutRepos/PlanAlyzer/ocaml/_build/planalyzer/oratio/oratio.a"
"built_lib_oratio" "/Users/etosch/dev/PlanOutRepos/PlanAlyzer/ocaml/_build/planalyzer/oratio/oratio.cmxs"
"built_lib_oratio" "/Users/etosch/dev/PlanOutRepos/PlanAlyzer/ocaml/_build/planalyzer/oratio/Oratio.cmi"
"built_lib_oratio" "/Users/etosch/dev/PlanOutRepos/PlanAlyzer/ocaml/_build/planalyzer/oratio/Oratio.cmt"
"built_lib_oratio" "/Users/etosch/dev/PlanOutRepos/PlanAlyzer/ocaml/_build/planalyzer/oratio/Oratio.annot"
"built_lib_oratio" "/Users/etosch/dev/PlanOutRepos/PlanAlyzer/ocaml/_build/planalyzer/oratio/Oratio.cmx"
"is_built_lib_annotations" "true"
"built_lib_annotations" "/Users/etosch/dev/PlanOutRepos/PlanAlyzer/ocaml/_build/planalyzer/annotations/annotations.cma"
"built_lib_annotations" "/Users/etosch/dev/PlanOutRepos/PlanAlyzer/ocaml/_build/planalyzer/annotations/annotations.cmxa"
"built_lib_annotations" "/Users/etosch/dev/PlanOutRepos/PlanAlyzer/ocaml/_build/planalyzer/annotations/annotations.a"
"built_lib_annotations" "/Users/etosch/dev/PlanOutRepos/PlanAlyzer/ocaml/_build/planalyzer/annotations/annotations.cmxs"
"built_lib_annotations" "/Users/etosch/dev/PlanOutRepos/PlanAlyzer/ocaml/_build/planalyzer/annotations/Config.cmi"
"built_lib_annotations" "/Users/etosch/dev/PlanOutRepos/PlanAlyzer/ocaml/_build/planalyzer/annotations/Config.cmti"
"built_lib_annotations" "/Users/etosch/dev/PlanOutRepos/PlanAlyzer/ocaml/_build/planalyzer/annotations/Config.cmt"
"built_lib_annotations" "/Users/etosch/dev/PlanOutRepos/PlanAlyzer/ocaml/_build/planalyzer/annotations/Config.annot"
"built_lib_annotations" "/Users/etosch/dev/PlanOutRepos/PlanAlyzer/ocaml/_build/planalyzer/annotations/Config.cmx"
"is_built_lib_graphs" "true"
"built_lib_graphs" "/Users/etosch/dev/PlanOutRepos/PlanAlyzer/ocaml/_build/planalyzer/graphs/graphs.cma"
"built_lib_graphs" "/Users/etosch/dev/PlanOutRepos/PlanAlyzer/ocaml/_build/planalyzer/graphs/graphs.cmxa"
"built_lib_graphs" "/Users/etosch/dev/PlanOutRepos/PlanAlyzer/ocaml/_build/planalyzer/graphs/graphs.a"
"built_lib_graphs" "/Users/etosch/dev/PlanOutRepos/PlanAlyzer/ocaml/_build/planalyzer/graphs/graphs.cmxs"
"built_lib_graphs" "/Users/etosch/dev/PlanOutRepos/PlanAlyzer/ocaml/_build/planalyzer/graphs/ddg.cmi"
"built_lib_graphs" "/Users/etosch/dev/PlanOutRepos/PlanAlyzer/ocaml/_build/planalyzer/graphs/ddg.cmti"
"built_lib_graphs" "/Users/etosch/dev/PlanOutRepos/PlanAlyzer/ocaml/_build/planalyzer/graphs/ddg.cmt"
"built_lib_graphs" "/Users/etosch/dev/PlanOutRepos/PlanAlyzer/ocaml/_build/planalyzer/graphs/ddg.annot"
"built_lib_graphs" "/Users/etosch/dev/PlanOutRepos/PlanAlyzer/ocaml/_build/planalyzer/graphs/cgm.cmi"
"built_lib_graphs" "/Users/etosch/dev/PlanOutRepos/PlanAlyzer/ocaml/_build/planalyzer/graphs/cgm.cmti"
"built_lib_graphs" "/Users/etosch/dev/PlanOutRepos/PlanAlyzer/ocaml/_build/planalyzer/graphs/cgm.cmt"
"built_lib_graphs" "/Users/etosch/dev/PlanOutRepos/PlanAlyzer/ocaml/_build/planalyzer/graphs/cgm.annot"
"built_lib_graphs" "/Users/etosch/dev/PlanOutRepos/PlanAlyzer/ocaml/_build/planalyzer/graphs/ddg.cmx"
"built_lib_graphs" "/Users/etosch/dev/PlanOutRepos/PlanAlyzer/ocaml/_build/planalyzer/graphs/cgm.cmx"
"is_built_lib_corepo" "true"
"built_lib_corepo" "/Users/etosch/dev/PlanOutRepos/PlanAlyzer/ocaml/_build/planalyzer/corepo/corepo.cma"
"built_lib_corepo" "/Users/etosch/dev/PlanOutRepos/PlanAlyzer/ocaml/_build/planalyzer/corepo/corepo.cmxa"
"built_lib_corepo" "/Users/etosch/dev/PlanOutRepos/PlanAlyzer/ocaml/_build/planalyzer/corepo/corepo.a"
"built_lib_corepo" "/Users/etosch/dev/PlanOutRepos/PlanAlyzer/ocaml/_build/planalyzer/corepo/corepo.cmxs"
"built_lib_corepo" "/Users/etosch/dev/PlanOutRepos/PlanAlyzer/ocaml/_build/planalyzer/corepo/Smtlib.cmi"
"built_lib_corepo" "/Users/etosch/dev/PlanOutRepos/PlanAlyzer/ocaml/_build/planalyzer/corepo/Smtlib.cmt"
"built_lib_corepo" "/Users/etosch/dev/PlanOutRepos/PlanAlyzer/ocaml/_build/planalyzer/corepo/Smtlib.annot"
"built_lib_corepo" "/Users/etosch/dev/PlanOutRepos/PlanAlyzer/ocaml/_build/planalyzer/corepo/exceptions.cmi"
"built_lib_corepo" "/Users/etosch/dev/PlanOutRepos/PlanAlyzer/ocaml/_build/planalyzer/corepo/exceptions.cmti"
"built_lib_corepo" "/Users/etosch/dev/PlanOutRepos/PlanAlyzer/ocaml/_build/planalyzer/corepo/exceptions.cmt"
"built_lib_corepo" "/Users/etosch/dev/PlanOutRepos/PlanAlyzer/ocaml/_build/planalyzer/corepo/exceptions.annot"
"built_lib_corepo" "/Users/etosch/dev/PlanOutRepos/PlanAlyzer/ocaml/_build/planalyzer/corepo/corepo.cmi"
"built_lib_corepo" "/Users/etosch/dev/PlanOutRepos/PlanAlyzer/ocaml/_build/planalyzer/corepo/corepo.cmti"
"built_lib_corepo" "/Users/etosch/dev/PlanOutRepos/PlanAlyzer/ocaml/_build/planalyzer/corepo/corepo.cmt"
"built_lib_corepo" "/Users/etosch/dev/PlanOutRepos/PlanAlyzer/ocaml/_build/planalyzer/corepo/corepo.annot"
"built_lib_corepo" "/Users/etosch/dev/PlanOutRepos/PlanAlyzer/ocaml/_build/planalyzer/corepo/Smtlib.cmx"
"built_lib_corepo" "/Users/etosch/dev/PlanOutRepos/PlanAlyzer/ocaml/_build/planalyzer/corepo/exceptions.cmx"
"built_lib_corepo" "/Users/etosch/dev/PlanOutRepos/PlanAlyzer/ocaml/_build/planalyzer/corepo/corepo.cmx"
"is_built_lib_estimators" "true"
"built_lib_estimators" "/Users/etosch/dev/PlanOutRepos/PlanAlyzer/ocaml/_build/planalyzer/estimators/estimators.cma"
"built_lib_estimators" "/Users/etosch/dev/PlanOutRepos/PlanAlyzer/ocaml/_build/planalyzer/estimators/estimators.cmxa"
"built_lib_estimators" "/Users/etosch/dev/PlanOutRepos/PlanAlyzer/ocaml/_build/planalyzer/estimators/estimators.a"
"built_lib_estimators" "/Users/etosch/dev/PlanOutRepos/PlanAlyzer/ocaml/_build/planalyzer/estimators/estimators.cmxs"
"built_lib_estimators" "/Users/etosch/dev/PlanOutRepos/PlanAlyzer/ocaml/_build/planalyzer/estimators/ate.cmi"
"built_lib_estimators" "/Users/etosch/dev/PlanOutRepos/PlanAlyzer/ocaml/_build/planalyzer/estimators/ate.cmt"
"built_lib_estimators" "/Users/etosch/dev/PlanOutRepos/PlanAlyzer/ocaml/_build/planalyzer/estimators/ate.annot"
"built_lib_estimators" "/Users/etosch/dev/PlanOutRepos/PlanAlyzer/ocaml/_build/planalyzer/estimators/assumptions.cmi"
"built_lib_estimators" "/Users/etosch/dev/PlanOutRepos/PlanAlyzer/ocaml/_build/planalyzer/estimators/assumptions.cmt"
"built_lib_estimators" "/Users/etosch/dev/PlanOutRepos/PlanAlyzer/ocaml/_build/planalyzer/estimators/assumptions.annot"
"built_lib_estimators" "/Users/etosch/dev/PlanOutRepos/PlanAlyzer/ocaml/_build/planalyzer/estimators/ate.cmx"
"built_lib_estimators" "/Users/etosch/dev/PlanOutRepos/PlanAlyzer/ocaml/_build/planalyzer/estimators/assumptions.cmx"
"is_built_lib_planout" "true"
"built_lib_planout" "/Users/etosch/dev/PlanOutRepos/PlanAlyzer/ocaml/_build/planalyzer/planout/planout.cma"
"built_lib_planout" "/Users/etosch/dev/PlanOutRepos/PlanAlyzer/ocaml/_build/planalyzer/planout/planout.cmxa"
"built_lib_planout" "/Users/etosch/dev/PlanOutRepos/PlanAlyzer/ocaml/_build/planalyzer/planout/planout.a"
"built_lib_planout" "/Users/etosch/dev/PlanOutRepos/PlanAlyzer/ocaml/_build/planalyzer/planout/planout.cmxs"
"built_lib_planout" "/Users/etosch/dev/PlanOutRepos/PlanAlyzer/ocaml/_build/planalyzer/planout/po_transform.cmi"
"built_lib_planout" "/Users/etosch/dev/PlanOutRepos/PlanAlyzer/ocaml/_build/planalyzer/planout/po_transform.cmt"
"built_lib_planout" "/Users/etosch/dev/PlanOutRepos/PlanAlyzer/ocaml/_build/planalyzer/planout/po_transform.annot"
"built_lib_planout" "/Users/etosch/dev/PlanOutRepos/PlanAlyzer/ocaml/_build/planalyzer/planout/po_env.cmi"
"built_lib_planout" "/Users/etosch/dev/PlanOutRepos/PlanAlyzer/ocaml/_build/planalyzer/planout/po_env.cmt"
"built_lib_planout" "/Users/etosch/dev/PlanOutRepos/PlanAlyzer/ocaml/_build/planalyzer/planout/po_env.annot"
"built_lib_planout" "/Users/etosch/dev/PlanOutRepos/PlanAlyzer/ocaml/_build/planalyzer/planout/po_basetypes.cmi"
"built_lib_planout" "/Users/etosch/dev/PlanOutRepos/PlanAlyzer/ocaml/_build/planalyzer/planout/po_basetypes.cmt"
"built_lib_planout" "/Users/etosch/dev/PlanOutRepos/PlanAlyzer/ocaml/_build/planalyzer/planout/po_basetypes.annot"
"built_lib_planout" "/Users/etosch/dev/PlanOutRepos/PlanAlyzer/ocaml/_build/planalyzer/planout/po_ast.cmi"
"built_lib_planout" "/Users/etosch/dev/PlanOutRepos/PlanAlyzer/ocaml/_build/planalyzer/planout/po_ast.cmt"
"built_lib_planout" "/Users/etosch/dev/PlanOutRepos/PlanAlyzer/ocaml/_build/planalyzer/planout/po_ast.annot"
"built_lib_planout" "/Users/etosch/dev/PlanOutRepos/PlanAlyzer/ocaml/_build/planalyzer/planout/po_aux.cmi"
"built_lib_planout" "/Users/etosch/dev/PlanOutRepos/PlanAlyzer/ocaml/_build/planalyzer/planout/po_aux.cmti"
"built_lib_planout" "/Users/etosch/dev/PlanOutRepos/PlanAlyzer/ocaml/_build/planalyzer/planout/po_aux.cmt"
"built_lib_planout" "/Users/etosch/dev/PlanOutRepos/PlanAlyzer/ocaml/_build/planalyzer/planout/po_aux.annot"
"built_lib_planout" "/Users/etosch/dev/PlanOutRepos/PlanAlyzer/ocaml/_build/planalyzer/planout/po_ddg.cmi"
"built_lib_planout" "/Users/etosch/dev/PlanOutRepos/PlanAlyzer/ocaml/_build/planalyzer/planout/po_ddg.cmt"
"built_lib_planout" "/Users/etosch/dev/PlanOutRepos/PlanAlyzer/ocaml/_build/planalyzer/planout/po_ddg.annot"
"built_lib_planout" "/Users/etosch/dev/PlanOutRepos/PlanAlyzer/ocaml/_build/planalyzer/planout/po_eval.cmi"
"built_lib_planout" "/Users/etosch/dev/PlanOutRepos/PlanAlyzer/ocaml/_build/planalyzer/planout/po_eval.cmti"
"built_lib_planout" "/Users/etosch/dev/PlanOutRepos/PlanAlyzer/ocaml/_build/planalyzer/planout/po_eval.cmt"
"built_lib_planout" "/Users/etosch/dev/PlanOutRepos/PlanAlyzer/ocaml/_build/planalyzer/planout/po_eval.annot"
"built_lib_planout" "/Users/etosch/dev/PlanOutRepos/PlanAlyzer/ocaml/_build/planalyzer/planout/po_format.cmi"
"built_lib_planout" "/Users/etosch/dev/PlanOutRepos/PlanAlyzer/ocaml/_build/planalyzer/planout/po_format.cmti"
"built_lib_planout" "/Users/etosch/dev/PlanOutRepos/PlanAlyzer/ocaml/_build/planalyzer/planout/po_format.cmt"
"built_lib_planout" "/Users/etosch/dev/PlanOutRepos/PlanAlyzer/ocaml/_build/planalyzer/planout/po_format.annot"
"built_lib_planout" "/Users/etosch/dev/PlanOutRepos/PlanAlyzer/ocaml/_build/planalyzer/planout/po_normalize.cmi"
"built_lib_planout" "/Users/etosch/dev/PlanOutRepos/PlanAlyzer/ocaml/_build/planalyzer/planout/po_normalize.cmti"
"built_lib_planout" "/Users/etosch/dev/PlanOutRepos/PlanAlyzer/ocaml/_build/planalyzer/planout/po_normalize.cmt"
"built_lib_planout" "/Users/etosch/dev/PlanOutRepos/PlanAlyzer/ocaml/_build/planalyzer/planout/po_normalize.annot"
"built_lib_planout" "/Users/etosch/dev/PlanOutRepos/PlanAlyzer/ocaml/_build/planalyzer/planout/po_parse.cmi"
"built_lib_planout" "/Users/etosch/dev/PlanOutRepos/PlanAlyzer/ocaml/_build/planalyzer/planout/po_parse.cmti"
"built_lib_planout" "/Users/etosch/dev/PlanOutRepos/PlanAlyzer/ocaml/_build/planalyzer/planout/po_parse.cmt"
"built_lib_planout" "/Users/etosch/dev/PlanOutRepos/PlanAlyzer/ocaml/_build/planalyzer/planout/po_parse.annot"
"built_lib_planout" "/Users/etosch/dev/PlanOutRepos/PlanAlyzer/ocaml/_build/planalyzer/planout/po_syntax.cmi"
"built_lib_planout" "/Users/etosch/dev/PlanOutRepos/PlanAlyzer/ocaml/_build/planalyzer/planout/po_syntax.cmt"
"built_lib_planout" "/Users/etosch/dev/PlanOutRepos/PlanAlyzer/ocaml/_build/planalyzer/planout/po_syntax.annot"
"built_lib_planout" "/Users/etosch/dev/PlanOutRepos/PlanAlyzer/ocaml/_build/planalyzer/planout/po_transform.cmx"
"built_lib_planout" "/Users/etosch/dev/PlanOutRepos/PlanAlyzer/ocaml/_build/planalyzer/planout/po_env.cmx"
"built_lib_planout" "/Users/etosch/dev/PlanOutRepos/PlanAlyzer/ocaml/_build/planalyzer/planout/po_basetypes.cmx"
"built_lib_planout" "/Users/etosch/dev/PlanOutRepos/PlanAlyzer/ocaml/_build/planalyzer/planout/po_ast.cmx"
"built_lib_planout" "/Users/etosch/dev/PlanOutRepos/PlanAlyzer/ocaml/_build/planalyzer/planout/po_aux.cmx"
"built_lib_planout" "/Users/etosch/dev/PlanOutRepos/PlanAlyzer/ocaml/_build/planalyzer/planout/po_ddg.cmx"
"built_lib_planout" "/Users/etosch/dev/PlanOutRepos/PlanAlyzer/ocaml/_build/planalyzer/planout/po_eval.cmx"
"built_lib_planout" "/Users/etosch/dev/PlanOutRepos/PlanAlyzer/ocaml/_build/planalyzer/planout/po_format.cmx"
"built_lib_planout" "/Users/etosch/dev/PlanOutRepos/PlanAlyzer/ocaml/_build/planalyzer/planout/po_normalize.cmx"
"built_lib_planout" "/Users/etosch/dev/PlanOutRepos/PlanAlyzer/ocaml/_build/planalyzer/planout/po_parse.cmx"
"built_lib_planout" "/Users/etosch/dev/PlanOutRepos/PlanAlyzer/ocaml/_build/planalyzer/planout/po_syntax.cmx"
"is_built_lib_targets" "true"
"built_lib_targets" "/Users/etosch/dev/PlanOutRepos/PlanAlyzer/ocaml/_build/planalyzer/targets.cma"
"built_lib_targets" "/Users/etosch/dev/PlanOutRepos/PlanAlyzer/ocaml/_build/planalyzer/targets.cmxa"
"built_lib_targets" "/Users/etosch/dev/PlanOutRepos/PlanAlyzer/ocaml/_build/planalyzer/targets.a"
"built_lib_targets" "/Users/etosch/dev/PlanOutRepos/PlanAlyzer/ocaml/_build/planalyzer/targets.cmxs"
"built_lib_targets" "/Users/etosch/dev/PlanOutRepos/PlanAlyzer/ocaml/_build/planalyzer/targets.cmi"
"built_lib_targets" "/Users/etosch/dev/PlanOutRepos/PlanAlyzer/ocaml/_build/planalyzer/targets.cmt"
"built_lib_targets" "/Users/etosch/dev/PlanOutRepos/PlanAlyzer/ocaml/_build/planalyzer/targets.annot"
"built_lib_targets" "/Users/etosch/dev/PlanOutRepos/PlanAlyzer/ocaml/_build/planalyzer/targets.cmx"
"is_built_exec_test_utils" "true"
"built_exec_test_utils" "/Users/etosch/dev/PlanOutRepos/PlanAlyzer/ocaml/_build/test/test_utils.native"
"is_built_exec_test_ate" "true"
"built_exec_test_ate" "/Users/etosch/dev/PlanOutRepos/PlanAlyzer/ocaml/_build/test/test_ate.native"
"is_built_exec_test_oratio" "true"
"built_exec_test_oratio" "/Users/etosch/dev/PlanOutRepos/PlanAlyzer/ocaml/_build/test/test_oratio.native"
"is_built_exec_test_annotations" "true"
"built_exec_test_annotations" "/Users/etosch/dev/PlanOutRepos/PlanAlyzer/ocaml/_build/test/test_annotations.native"
"is_built_exec_test_graph" "true"
"built_exec_test_graph" "/Users/etosch/dev/PlanOutRepos/PlanAlyzer/ocaml/_build/test/test_graph.native"
"is_built_exec_test_ddg" "true"
"built_exec_test_ddg" "/Users/etosch/dev/PlanOutRepos/PlanAlyzer/ocaml/_build/test/test_ddg.native"
"is_built_exec_test_cgm" "true"
"built_exec_test_cgm" "/Users/etosch/dev/PlanOutRepos/PlanAlyzer/ocaml/_build/test/test_cgm.native"
"is_built_exec_test_ast_aux" "true"
"built_exec_test_ast_aux" "/Users/etosch/dev/PlanOutRepos/PlanAlyzer/ocaml/_build/test/test_ast_aux.native"
"is_built_exec_test_ast_normalize" "true"
"built_exec_test_ast_normalize" "/Users/etosch/dev/PlanOutRepos/PlanAlyzer/ocaml/_build/test/test_ast_normalize.native"
"is_built_exec_test_ast_parse" "true"
"built_exec_test_ast_parse" "/Users/etosch/dev/PlanOutRepos/PlanAlyzer/ocaml/_build/test/test_ast_parse.native"
"is_built_exec_test_transform" "true"
"built_exec_test_transform" "/Users/etosch/dev/PlanOutRepos/PlanAlyzer/ocaml/_build/test/test_transform.native"
"is_built_exec_test_semantics" "true"
"built_exec_test_semantics" "/Users/etosch/dev/PlanOutRepos/PlanAlyzer/ocaml/_build/test/test_semantics.byte"
"is_built_exec_test_ast_eval" "true"
"built_exec_test_ast_eval" "/Users/etosch/dev/PlanOutRepos/PlanAlyzer/ocaml/_build/test/test_ast_eval.native"
